<?xml version="1.0" encoding="UTF-8"?>
<!-- Generated by org.testng.reporters.JUnitXMLReporter -->
<testsuite hostname="CR0032" name="Cucumber OM Test IE" tests="2" failures="2" timestamp="9 Jun 2016 20:50:32 GMT" time="0.483" errors="0">
  <testcase name="runCukes" time="0.409" classname="com.cucumber.testng.examples.RunCukesByCompositionGrp1_Test3">
    <failure type="cucumber.runtime.CucumberException" message="cucumber.runtime.CucumberException: Hooks must declare 0 or 1 arguments. public void com.cucumber.testng.examples.BaseStepDefs.openBrowser(cucumber.api.Scenario,java.lang.String) throws java.net.MalformedURLException">
      <![CDATA[cucumber.runtime.CucumberException: cucumber.runtime.CucumberException: Hooks must declare 0 or 1 arguments. public void com.cucumber.testng.examples.BaseStepDefs.openBrowser(cucumber.api.Scenario,java.lang.String) throws java.net.MalformedURLException
	at cucumber.api.testng.TestNGCucumberRunner.runCukes(TestNGCucumberRunner.java:57)
	at com.cucumber.testng.examples.RunCukesByCompositionGrp1_Test3.runCukes(RunCukesByCompositionGrp1_Test3.java:44)
	at java.util.concurrent.FutureTask.run(Unknown Source)
	at java.util.concurrent.ThreadPoolExecutor.runWorker(Unknown Source)
	at java.util.concurrent.ThreadPoolExecutor$Worker.run(Unknown Source)
	at java.lang.Thread.run(Unknown Source)
Caused by: cucumber.runtime.CucumberException: Hooks must declare 0 or 1 arguments. public void com.cucumber.testng.examples.BaseStepDefs.openBrowser(cucumber.api.Scenario,java.lang.String) throws java.net.MalformedURLException
	at cucumber.runtime.java.JavaHookDefinition.execute(JavaHookDefinition.java:57)
	at cucumber.runtime.Runtime.runHookIfTagsMatch(Runtime.java:223)
	at cucumber.runtime.Runtime.runHooks(Runtime.java:211)
	at cucumber.runtime.Runtime.runBeforeHooks(Runtime.java:201)
	at cucumber.runtime.model.CucumberScenario.run(CucumberScenario.java:40)
	at cucumber.runtime.model.CucumberScenarioOutline.run(CucumberScenarioOutline.java:46)
	at cucumber.runtime.model.CucumberFeature.run(CucumberFeature.java:165)
	at cucumber.api.testng.TestNGCucumberRunner.runCukes(TestNGCucumberRunner.java:50)
	... 21 more
... Removed 16 stack frames]]>
    </failure>
  </testcase> <!-- runCukes -->
  <testcase name="runCukes" time="0.069" classname="com.cucumber.testng.examples.RunCukesByCompositionGrp1_Test4">
    <failure type="cucumber.runtime.CucumberException" message="cucumber.runtime.CucumberException: Hooks must declare 0 or 1 arguments. public void com.cucumber.testng.examples.BaseStepDefs.openBrowser(cucumber.api.Scenario,java.lang.String) throws java.net.MalformedURLException">
      <![CDATA[cucumber.runtime.CucumberException: cucumber.runtime.CucumberException: Hooks must declare 0 or 1 arguments. public void com.cucumber.testng.examples.BaseStepDefs.openBrowser(cucumber.api.Scenario,java.lang.String) throws java.net.MalformedURLException
	at cucumber.api.testng.TestNGCucumberRunner.runCukes(TestNGCucumberRunner.java:57)
	at com.cucumber.testng.examples.RunCukesByCompositionGrp1_Test4.runCukes(RunCukesByCompositionGrp1_Test4.java:52)
	at java.util.concurrent.FutureTask.run(Unknown Source)
	at java.util.concurrent.ThreadPoolExecutor.runWorker(Unknown Source)
	at java.util.concurrent.ThreadPoolExecutor$Worker.run(Unknown Source)
	at java.lang.Thread.run(Unknown Source)
Caused by: cucumber.runtime.CucumberException: Hooks must declare 0 or 1 arguments. public void com.cucumber.testng.examples.BaseStepDefs.openBrowser(cucumber.api.Scenario,java.lang.String) throws java.net.MalformedURLException
	at cucumber.runtime.java.JavaHookDefinition.execute(JavaHookDefinition.java:57)
	at cucumber.runtime.Runtime.runHookIfTagsMatch(Runtime.java:223)
	at cucumber.runtime.Runtime.runHooks(Runtime.java:211)
	at cucumber.runtime.Runtime.runBeforeHooks(Runtime.java:201)
	at cucumber.runtime.model.CucumberScenario.run(CucumberScenario.java:40)
	at cucumber.runtime.model.CucumberFeature.run(CucumberFeature.java:165)
	at cucumber.api.testng.TestNGCucumberRunner.runCukes(TestNGCucumberRunner.java:50)
	... 21 more
... Removed 16 stack frames]]>
    </failure>
  </testcase> <!-- runCukes -->
</testsuite> <!-- Cucumber OM Test IE -->
