<?xml version="1.0" encoding="UTF-8"?>
<!-- Generated by org.testng.reporters.JUnitXMLReporter -->
<testsuite hostname="CR0032" name="Cucumber OM Test Firefox" tests="1" failures="0" timestamp="16 Jun 2016 16:23:21 GMT" time="0.043" errors="0">
  <testcase name="@BeforeTest afterTest" time="0.0" classname="com.cucumber.testng.examples.RunCukesByCompositionGrp1_Test3">
    <failure type="org.testng.TestNGException" message="
Method afterTest requires 1 parameters but 1 were supplied in the @Configuration annotation.">
      <![CDATA[org.testng.TestNGException: 
Method afterTest requires 1 parameters but 1 were supplied in the @Configuration annotation.
	at java.util.concurrent.FutureTask.run(Unknown Source)
	at java.util.concurrent.ThreadPoolExecutor.runWorker(Unknown Source)
	at java.util.concurrent.ThreadPoolExecutor$Worker.run(Unknown Source)
	at java.lang.Thread.run(Unknown Source)
... Removed 12 stack frames]]>
    </failure>
  </testcase> <!-- @BeforeTest afterTest -->
  <testcase name="@BeforeClass beforeClass" time="0.0" classname="com.cucumber.testng.examples.RunCukesByCompositionGrp1_Test3">
    <failure type="java.lang.NullPointerException">
      <![CDATA[java.lang.NullPointerException
	at java.util.concurrent.FutureTask.run(Unknown Source)
	at java.util.concurrent.ThreadPoolExecutor.runWorker(Unknown Source)
	at java.util.concurrent.ThreadPoolExecutor$Worker.run(Unknown Source)
	at java.lang.Thread.run(Unknown Source)
... Removed 11 stack frames]]>
    </failure>
  </testcase> <!-- @BeforeClass beforeClass -->
  <testcase name="@BeforeMethod beforeMethod" time="0.0" classname="com.cucumber.testng.examples.RunCukesByCompositionGrp1_Test3">
    <skipped/>
  </testcase> <!-- @BeforeMethod beforeMethod -->
  <testcase name="@AfterTest afterTest" time="0.0" classname="com.cucumber.testng.examples.RunCukesByCompositionGrp1_Test3">
    <failure type="org.testng.TestNGException" message="
Method afterTest requires 1 parameters but 1 were supplied in the @Configuration annotation.">
      <![CDATA[org.testng.TestNGException: 
Method afterTest requires 1 parameters but 1 were supplied in the @Configuration annotation.
	at java.util.concurrent.FutureTask.run(Unknown Source)
	at java.util.concurrent.ThreadPoolExecutor.runWorker(Unknown Source)
	at java.util.concurrent.ThreadPoolExecutor$Worker.run(Unknown Source)
	at java.lang.Thread.run(Unknown Source)
... Removed 12 stack frames]]>
    </failure>
  </testcase> <!-- @AfterTest afterTest -->
  <testcase name="runCukes" time="0.001" classname="com.cucumber.testng.examples.RunCukesByCompositionGrp1_Test3">
    <skipped/>
  </testcase> <!-- runCukes -->
</testsuite> <!-- Cucumber OM Test Firefox -->
