<?xml version="1.0" encoding="UTF-8"?>
<testng-results skipped="0" failed="1" total="1" passed="0">
  <reporter-output>
  </reporter-output>
  <suite name="Default suite" duration-ms="48778" started-at="2017-01-31T22:25:47Z" finished-at="2017-01-31T22:26:36Z">
    <groups>
      <group name="examples-testng">
        <method signature="RunCukesByCompositionGrp1_Test4.runCukes()[pri:0, instance:com.cucumber.testng.examples.RunCukesByCompositionGrp1_Test4@5b87ed94]" name="runCukes" class="com.cucumber.testng.examples.RunCukesByCompositionGrp1_Test4"/>
      </group> <!-- examples-testng -->
    </groups>
    <test name="Default test" duration-ms="48778" started-at="2017-01-31T22:25:47Z" finished-at="2017-01-31T22:26:36Z">
      <class name="com.cucumber.testng.examples.RunCukesByCompositionGrp1_Test4">
        <test-method status="PASS" signature="beforeClass()[pri:0, instance:com.cucumber.testng.examples.RunCukesByCompositionGrp1_Test4@5b87ed94]" name="beforeClass" is-config="true" duration-ms="1" started-at="2017-01-31T16:25:47Z" finished-at="2017-01-31T16:25:47Z">
          <reporter-output>
          </reporter-output>
        </test-method> <!-- beforeClass -->
        <test-method status="PASS" signature="beforeMethod()[pri:0, instance:com.cucumber.testng.examples.RunCukesByCompositionGrp1_Test4@5b87ed94]" name="beforeMethod" is-config="true" duration-ms="0" started-at="2017-01-31T16:25:47Z" finished-at="2017-01-31T16:25:47Z">
          <reporter-output>
          </reporter-output>
        </test-method> <!-- beforeMethod -->
        <test-method status="FAIL" signature="runCukes()[pri:0, instance:com.cucumber.testng.examples.RunCukesByCompositionGrp1_Test4@5b87ed94]" name="runCukes" duration-ms="48755" started-at="2017-01-31T16:25:47Z" description="Example of using TestNGCucumberRunner to invoke Cucumber" finished-at="2017-01-31T16:26:36Z">
          <exception class="cucumber.runtime.CucumberException">
            <message>
              <![CDATA[java.lang.AssertionError: expected [Operating Metrics] but found [Cambridge Associates - Sign In]]]>
            </message>
            <full-stacktrace>
              <![CDATA[cucumber.runtime.CucumberException: java.lang.AssertionError: expected [Operating Metrics] but found [Cambridge Associates - Sign In]
	at cucumber.api.testng.TestNGCucumberRunner.runCukes(TestNGCucumberRunner.java:57)
	at com.cucumber.testng.examples.RunCukesByCompositionGrp1_Test4.runCukes(RunCukesByCompositionGrp1_Test4.java:60)
	at sun.reflect.NativeMethodAccessorImpl.invoke0(Native Method)
	at sun.reflect.NativeMethodAccessorImpl.invoke(Unknown Source)
	at sun.reflect.DelegatingMethodAccessorImpl.invoke(Unknown Source)
	at java.lang.reflect.Method.invoke(Unknown Source)
	at org.testng.internal.MethodInvocationHelper.invokeMethod(MethodInvocationHelper.java:86)
	at org.testng.internal.Invoker.invokeMethod(Invoker.java:643)
	at org.testng.internal.Invoker.invokeTestMethod(Invoker.java:820)
	at org.testng.internal.Invoker.invokeTestMethods(Invoker.java:1128)
	at org.testng.internal.TestMethodWorker.invokeTestMethods(TestMethodWorker.java:129)
	at org.testng.internal.TestMethodWorker.run(TestMethodWorker.java:112)
	at org.testng.TestRunner.privateRun(TestRunner.java:782)
	at org.testng.TestRunner.run(TestRunner.java:632)
	at org.testng.SuiteRunner.runTest(SuiteRunner.java:366)
	at org.testng.SuiteRunner.runSequentially(SuiteRunner.java:361)
	at org.testng.SuiteRunner.privateRun(SuiteRunner.java:319)
	at org.testng.SuiteRunner.run(SuiteRunner.java:268)
	at org.testng.SuiteRunnerWorker.runSuite(SuiteRunnerWorker.java:52)
	at org.testng.SuiteRunnerWorker.run(SuiteRunnerWorker.java:86)
	at org.testng.TestNG.runSuitesSequentially(TestNG.java:1244)
	at org.testng.TestNG.runSuitesLocally(TestNG.java:1169)
	at org.testng.TestNG.run(TestNG.java:1064)
	at org.testng.remote.AbstractRemoteTestNG.run(AbstractRemoteTestNG.java:132)
	at org.testng.remote.RemoteTestNG.initAndRun(RemoteTestNG.java:236)
	at org.testng.remote.RemoteTestNG.main(RemoteTestNG.java:81)
Caused by: java.lang.AssertionError: expected [Operating Metrics] but found [Cambridge Associates - Sign In]
	at org.testng.Assert.fail(Assert.java:94)
	at org.testng.Assert.failNotEquals(Assert.java:513)
	at org.testng.Assert.assertEqualsImpl(Assert.java:135)
	at org.testng.Assert.assertEquals(Assert.java:116)
	at org.testng.Assert.assertEquals(Assert.java:190)
	at org.testng.Assert.assertEquals(Assert.java:200)
	at com.cucumber.testng.examples.OMLogin.user_shall_be_redirected_to_the_OM_main_page(OMLogin.java:81)
	at âœ½.Then user shall be redirected to the OM main page(src/test/resources/com.cucumber.testng.examples/EBITDA_PPM_Tot_Universe.feature:27)
]]>
            </full-stacktrace>
          </exception> <!-- cucumber.runtime.CucumberException -->
          <reporter-output>
          </reporter-output>
        </test-method> <!-- runCukes -->
      </class> <!-- com.cucumber.testng.examples.RunCukesByCompositionGrp1_Test4 -->
      <class name="com.cucumber.testng.examples.BaseTestCase">
        <test-method status="PASS" signature="beforeSuite()[pri:0, instance:com.cucumber.testng.examples.BaseTestCase@7fac631b]" name="beforeSuite" is-config="true" duration-ms="12" started-at="2017-01-31T16:25:47Z" finished-at="2017-01-31T16:25:47Z">
          <reporter-output>
          </reporter-output>
        </test-method> <!-- beforeSuite -->
        <test-method status="PASS" signature="afterTest(org.testng.ITestContext)[pri:0, instance:com.cucumber.testng.examples.BaseTestCase@7fac631b]" name="afterTest" is-config="true" duration-ms="3" started-at="2017-01-31T16:25:47Z" finished-at="2017-01-31T16:25:47Z">
          <params>
            <param index="0">
              <value>
                <![CDATA[org.testng.TestRunner@7026b7ee]]>
              </value>
            </param>
          </params>
          <reporter-output>
          </reporter-output>
        </test-method> <!-- afterTest -->
        <test-method status="PASS" signature="afterTest(org.testng.ITestContext)[pri:0, instance:com.cucumber.testng.examples.BaseTestCase@7fac631b]" name="afterTest" is-config="true" duration-ms="1" started-at="2017-01-31T16:26:36Z" finished-at="2017-01-31T16:26:36Z">
          <params>
            <param index="0">
              <value>
                <![CDATA[org.testng.TestRunner@7026b7ee]]>
              </value>
            </param>
          </params>
          <reporter-output>
          </reporter-output>
        </test-method> <!-- afterTest -->
        <test-method status="PASS" signature="afterSuite()[pri:0, instance:com.cucumber.testng.examples.BaseTestCase@7fac631b]" name="afterSuite" is-config="true" duration-ms="0" started-at="2017-01-31T16:26:36Z" finished-at="2017-01-31T16:26:36Z">
          <reporter-output>
          </reporter-output>
        </test-method> <!-- afterSuite -->
      </class> <!-- com.cucumber.testng.examples.BaseTestCase -->
    </test> <!-- Default test -->
  </suite> <!-- Default suite -->
</testng-results>
